\BOOKMARK [0][-]{chapter.1}{\376\377\176\352\213\272}{}% 1
\BOOKMARK [1][-]{section.1.1}{\376\377\127\372\147\054\151\202\137\365}{chapter.1}% 2
\BOOKMARK [1][-]{section.1.2}{\376\377\136\224\165\050\163\260\162\266}{chapter.1}% 3
\BOOKMARK [1][-]{section.1.3}{\376\377\000L\000i\000D\000A\000R\142\200\147\057\162\171\160\271}{chapter.1}% 4
\BOOKMARK [1][-]{section.1.4}{\376\377\157\300\121\111\142\020\120\317\142\200\147\057}{chapter.1}% 5
\BOOKMARK [2][-]{subsection.1.4.1}{\376\377\157\300\121\111}{section.1.4}% 6
\BOOKMARK [2][-]{subsection.1.4.2}{\376\377\157\300\121\111\226\367\217\276\116\016\157\300\121\111\142\020\120\317\226\367\217\276}{section.1.4}% 7
\BOOKMARK [2][-]{subsection.1.4.3}{\376\377\157\300\121\111\226\367\217\276\166\204\121\163\225\056\142\200\147\057}{section.1.4}% 8
\BOOKMARK [1][-]{section.1.5}{\376\377\157\300\121\111\220\145\141\037\226\306\142\020\174\373\176\337}{chapter.1}% 9
\BOOKMARK [1][-]{section.1.6}{\376\377\126\375\121\205\136\070\211\301\000L\000i\000D\000A\000R\174\373\176\337\166\204\142\153\143\317\145\271\137\017}{chapter.1}% 10
\BOOKMARK [1][-]{section.1.7}{\376\377\147\072\217\175\157\300\121\111\116\011\176\364\155\113\221\317\174\373\176\337\133\371\153\324}{chapter.1}% 11
\BOOKMARK [0][-]{chapter.2}{\376\377\157\300\121\111\123\312\157\300\121\111\226\367\217\276\174\373\176\337}{}% 12
\BOOKMARK [1][-]{section.2.1}{\376\377\157\300\121\111}{chapter.2}% 13
\BOOKMARK [2][-]{subsection.2.1.1}{\376\377\217\220\134\004\116\016\123\237\133\120}{section.2.1}% 14
\BOOKMARK [2][-]{subsection.2.1.2}{\376\377\123\327\157\300\217\220\134\004\145\076\131\047}{section.2.1}% 15
\BOOKMARK [2][-]{subsection.2.1.3}{\376\377\157\300\121\111\166\204\116\247\165\037}{section.2.1}% 16
\BOOKMARK [1][-]{section.2.2}{\376\377\157\300\121\111\126\150}{chapter.2}% 17
\BOOKMARK [2][-]{subsection.2.2.1}{\376\377\154\024\117\123\157\300\121\111\126\150}{section.2.2}% 18
\BOOKMARK [2][-]{subsection.2.2.2}{\376\377\126\372\117\123\157\300\121\111\126\150}{section.2.2}% 19
\BOOKMARK [2][-]{subsection.2.2.3}{\376\377\123\112\133\374\117\123\116\214\147\201\173\241\157\300\121\111\126\150}{section.2.2}% 20
\BOOKMARK [1][-]{section.2.3}{\376\377\157\300\121\111\226\367\217\276\174\373\176\337}{chapter.2}% 21
\BOOKMARK [2][-]{subsection.2.3.1}{\376\377\157\300\121\111\226\367\217\276\174\373\176\337\151\202\217\360}{section.2.3}% 22
\BOOKMARK [2][-]{subsection.2.3.2}{\376\377\121\111\147\137\145\164\137\142}{section.2.3}% 23
\BOOKMARK [2][-]{subsection.2.3.3}{\376\377\157\300\121\111\142\153\143\317}{section.2.3}% 24
\BOOKMARK [2][-]{subsection.2.3.4}{\376\377\117\341\123\367\143\245\145\066\166\204\143\242\155\113\142\200\147\057}{section.2.3}% 25
\BOOKMARK [1][-]{section.2.4}{\376\377\157\300\121\111\117\341\123\367\166\204\131\047\154\024\210\160\121\317}{chapter.2}% 26
\BOOKMARK [2][-]{subsection.2.4.1}{\376\377\131\047\154\024\210\160\121\317\145\110\136\224}{section.2.4}% 27
\BOOKMARK [2][-]{subsection.2.4.2}{\376\377\131\047\154\024\142\230\134\004\145\110\136\224}{section.2.4}% 28
\BOOKMARK [1][-]{section.2.5}{\376\377\157\300\121\111\226\367\217\276\174\373\176\337\200\375\221\317\145\271\172\013}{chapter.2}% 29
\BOOKMARK [0][-]{chapter.3}{\376\377\147\072\217\175\000L\000i\000D\000A\000R\145\160\143\156\203\267\123\326\127\372\147\054\123\237\164\006}{}% 30
\BOOKMARK [1][-]{section.3.1}{\376\377\157\300\121\111\155\113\215\335}{chapter.3}% 31
\BOOKMARK [2][-]{subsection.3.1.1}{\376\377\155\113\215\335\145\271\137\017}{section.3.1}% 32
\BOOKMARK [2][-]{subsection.3.1.2}{\376\377\155\113\215\335\174\276\136\246\124\214\117\341\126\152\153\324}{section.3.1}% 33
\BOOKMARK [2][-]{subsection.3.1.3}{\376\377\122\237\163\207}{section.3.1}% 34
\BOOKMARK [2][-]{subsection.3.1.4}{\376\377\117\123\171\357}{section.3.1}% 35
\BOOKMARK [2][-]{subsection.3.1.5}{\376\377\154\342\225\177}{section.3.1}% 36
\BOOKMARK [1][-]{section.3.2}{\376\377\121\150\164\003\133\232\117\115\174\373\176\337\142\200\147\057}{chapter.3}% 37
\BOOKMARK [1][-]{section.3.3}{\376\377\140\357\140\047\155\113\221\317\174\373\176\337\142\200\147\057}{chapter.3}% 38
\BOOKMARK [2][-]{subsection.3.3.1}{\376\377\140\357\140\047\133\374\202\052\174\373\176\337}{section.3.3}% 39
\BOOKMARK [2][-]{subsection.3.3.2}{\376\377\000I\000M\000U\116\016\000D\000G\000P\000S\176\304\124\010\133\232\117\115\142\200\147\057}{section.3.3}% 40
\BOOKMARK [1][-]{section.3.4}{\376\377\232\330\140\047\200\375\116\214\176\364\142\153\143\317\142\200\147\057}{chapter.3}% 41
\BOOKMARK [2][-]{subsection.3.4.1}{\376\377\147\072\217\175\000L\000i\000D\000A\000R\174\373\176\337\126\333\171\315\121\170\127\213\166\204\142\153\143\317\145\271\137\017}{section.3.4}% 42
\BOOKMARK [2][-]{subsection.3.4.2}{\376\377\142\153\143\317\176\277\137\142\162\266}{section.3.4}% 43
\BOOKMARK [1][-]{section.3.5}{\376\377\000L\000i\000D\000A\000R\145\160\143\156\203\267\123\326\131\004\164\006}{chapter.3}% 44
\BOOKMARK [2][-]{subsection.3.5.1}{\376\377\171\273\176\277\145\366\225\364\124\014\153\145\145\271\150\110}{section.3.5}% 45
\BOOKMARK [2][-]{subsection.3.5.2}{\376\377\147\072\217\175\000L\000i\000D\000A\000R\174\373\176\337\133\371\127\060\133\232\117\115\145\271\172\013}{section.3.5}% 46
\BOOKMARK [1][-]{section.3.6}{\376\377\147\072\217\175\000L\000i\000D\000A\000R\145\160\143\156\203\267\123\326\145\260\142\200\147\057}{chapter.3}% 47
\BOOKMARK [0][-]{chapter.4}{\376\377\147\072\217\175\000L\000i\000D\000A\000R\145\160\143\156\203\267\123\326\127\372\147\054\123\237\164\006}{}% 48
\BOOKMARK [1][-]{section.4.1}{\376\377\145\160\143\156\203\267\123\326\221\315\211\201\123\302\145\160}{chapter.4}% 49
\BOOKMARK [2][-]{subsection.4.1.1}{\376\377\000L\000i\000D\000A\000R\145\160\143\156\203\267\123\326\221\315\211\201\123\302\145\160\166\204\117\134\165\050}{section.4.1}% 50
\BOOKMARK [2][-]{subsection.4.1.2}{\376\377\123\302\145\160\174\173\127\213}{section.4.1}% 51
\BOOKMARK [1][-]{section.4.2}{\376\377\136\070\165\050\125\106\116\032\000L\000i\000D\000A\000R\174\373\176\337}{chapter.4}% 52
\BOOKMARK [0][-]{chapter.5}{\376\377\000L\000i\000D\000A\000R\135\345\172\013\145\160\143\156\203\267\123\326}{}% 53
\BOOKMARK [1][-]{section.5.1}{\376\377\000L\000i\000D\000A\000R\145\160\143\156\203\267\123\326\155\101\172\013}{chapter.5}% 54
\BOOKMARK [2][-]{subsection.5.1.1}{\376\377\213\241\122\022\121\306\131\007\226\066\153\265}{section.5.1}% 55
\BOOKMARK [2][-]{subsection.5.1.2}{\376\377\202\052\230\336\133\236\145\275\226\066\153\265}{section.5.1}% 56
\BOOKMARK [2][-]{subsection.5.1.3}{\376\377\145\160\143\156\145\164\164\006\226\066\153\265}{section.5.1}% 57
\BOOKMARK [1][-]{section.5.2}{\376\377\000L\000i\000D\000A\000R\142\200\147\057\116\016\124\014\174\173\142\200\147\057\133\371\153\324}{chapter.5}% 58
\BOOKMARK [2][-]{subsection.5.2.1}{\376\377\144\104\137\161\155\113\221\317\116\016\000L\000i\000D\000A\000R\166\204\116\073\211\201\135\356\137\002}{section.5.2}% 59
\BOOKMARK [2][-]{subsection.5.2.2}{\376\377\000L\000i\000D\000A\000R\142\200\147\057\166\204\117\030\122\277}{section.5.2}% 60
\BOOKMARK [2][-]{subsection.5.2.3}{\376\377\000L\000i\000D\000A\000R\116\016\000I\000N\000S\000A\000R\166\204\153\324\217\203}{section.5.2}% 61
\BOOKMARK [0][-]{chapter.6}{\376\377\000L\000i\000D\000A\000R\145\160\143\156\131\004\164\006}{}% 62
\BOOKMARK [1][-]{section.6.1}{\376\377\160\271\116\221\156\344\154\342}{chapter.6}% 63
\BOOKMARK [2][-]{subsection.6.1.1}{\376\377\160\271\116\221\156\344\154\342\151\202\217\360}{section.6.1}% 64
\BOOKMARK [2][-]{subsection.6.1.2}{\376\377\121\170\127\213\156\344\154\342\145\271\154\325}{section.6.1}% 65
\BOOKMARK [2][-]{subsection.6.1.3}{\376\377\000D\000E\000M\165\037\142\020}{section.6.1}% 66
\BOOKMARK [2][-]{subsection.6.1.4}{\376\377\174\276\136\246\122\006\147\220}{section.6.1}% 67
\BOOKMARK [1][-]{section.6.2}{\376\377\137\072\136\246\145\160\143\156\131\004\164\006}{chapter.6}% 68
\BOOKMARK [2][-]{subsection.6.2.1}{\376\377\137\072\136\246\145\160\143\156\162\171\160\271}{section.6.2}% 69
\BOOKMARK [2][-]{subsection.6.2.2}{\376\377\137\072\136\246\145\160\143\156\150\041\153\143}{section.6.2}% 70
\BOOKMARK [2][-]{subsection.6.2.3}{\376\377\137\072\136\246\126\376\120\317\165\037\142\020\131\004\164\006}{section.6.2}% 71
\BOOKMARK [2][-]{subsection.6.2.4}{\376\377\136\224\165\050\150\110\117\213}{section.6.2}% 72
\BOOKMARK [1][-]{section.6.3}{\376\377\127\372\116\216\000L\000i\000D\000A\000R\145\160\143\156\166\204\136\372\173\121\162\151\143\320\123\326}{chapter.6}% 73
\BOOKMARK [2][-]{subsection.6.3.1}{\376\377\136\372\173\121\162\151\150\300\155\113\377\010\122\006\122\162\377\011}{section.6.3}% 74
\BOOKMARK [2][-]{subsection.6.3.2}{\376\377\136\372\173\121\162\151\152\041\127\213\166\204\165\037\142\020\377\010\221\315\136\372\377\011}{section.6.3}% 75
\BOOKMARK [2][-]{subsection.6.3.3}{\376\377\116\011\176\364\221\315\136\372\215\050\221\317\150\300\147\345}{section.6.3}% 76
